<?xml version="1.0" encoding="UTF-8"?>
<testsuite name="com.budmon.BudgetMonitoringApplicationTests" tests="1" skipped="0" failures="0" errors="0" timestamp="2019-06-25T10:28:38" hostname="JCPSI6JV5" time="0.424">
  <properties/>
  <testcase name="contextLoads" classname="com.budmon.BudgetMonitoringApplicationTests" time="0.424"/>
  <system-out><![CDATA[15:58:33.322 [Test worker] DEBUG org.springframework.test.context.junit4.SpringJUnit4ClassRunner - SpringJUnit4ClassRunner constructor called with [class com.budmon.BudgetMonitoringApplicationTests]
15:58:33.334 [Test worker] DEBUG org.springframework.test.context.BootstrapUtils - Instantiating CacheAwareContextLoaderDelegate from class [org.springframework.test.context.cache.DefaultCacheAwareContextLoaderDelegate]
15:58:33.358 [Test worker] DEBUG org.springframework.test.context.BootstrapUtils - Instantiating BootstrapContext using constructor [public org.springframework.test.context.support.DefaultBootstrapContext(java.lang.Class,org.springframework.test.context.CacheAwareContextLoaderDelegate)]
15:58:33.381 [Test worker] DEBUG org.springframework.test.context.BootstrapUtils - Instantiating TestContextBootstrapper for test class [com.budmon.BudgetMonitoringApplicationTests] from class [org.springframework.boot.test.context.SpringBootTestContextBootstrapper]
15:58:33.423 [Test worker] INFO org.springframework.boot.test.context.SpringBootTestContextBootstrapper - Neither @ContextConfiguration nor @ContextHierarchy found for test class [com.budmon.BudgetMonitoringApplicationTests], using SpringBootContextLoader
15:58:33.426 [Test worker] DEBUG org.springframework.test.context.support.AbstractContextLoader - Did not detect default resource location for test class [com.budmon.BudgetMonitoringApplicationTests]: class path resource [com/budmon/BudgetMonitoringApplicationTests-context.xml] does not exist
15:58:33.427 [Test worker] DEBUG org.springframework.test.context.support.AbstractContextLoader - Did not detect default resource location for test class [com.budmon.BudgetMonitoringApplicationTests]: class path resource [com/budmon/BudgetMonitoringApplicationTestsContext.groovy] does not exist
15:58:33.428 [Test worker] INFO org.springframework.test.context.support.AbstractContextLoader - Could not detect default resource locations for test class [com.budmon.BudgetMonitoringApplicationTests]: no resource found for suffixes {-context.xml, Context.groovy}.
15:58:33.429 [Test worker] INFO org.springframework.test.context.support.AnnotationConfigContextLoaderUtils - Could not detect default configuration classes for test class [com.budmon.BudgetMonitoringApplicationTests]: BudgetMonitoringApplicationTests does not declare any static, non-private, non-final, nested classes annotated with @Configuration.
15:58:33.507 [Test worker] DEBUG org.springframework.test.context.support.ActiveProfilesUtils - Could not find an 'annotation declaring class' for annotation type [org.springframework.test.context.ActiveProfiles] and class [com.budmon.BudgetMonitoringApplicationTests]
15:58:33.617 [Test worker] DEBUG org.springframework.context.annotation.ClassPathScanningCandidateComponentProvider - Identified candidate component class: file [C:\Users\kthangav\Spring-workspace\budmon\build\classes\java\main\com\budmon\BudgetMonitoringApplication.class]
15:58:33.620 [Test worker] INFO org.springframework.boot.test.context.SpringBootTestContextBootstrapper - Found @SpringBootConfiguration com.budmon.BudgetMonitoringApplication for test class com.budmon.BudgetMonitoringApplicationTests
15:58:33.800 [Test worker] DEBUG org.springframework.boot.test.context.SpringBootTestContextBootstrapper - @TestExecutionListeners is not present for class [com.budmon.BudgetMonitoringApplicationTests]: using defaults.
15:58:33.802 [Test worker] INFO org.springframework.boot.test.context.SpringBootTestContextBootstrapper - Loaded default TestExecutionListener class names from location [META-INF/spring.factories]: [org.springframework.security.test.context.support.WithSecurityContextTestExecutionListener, org.springframework.security.test.context.support.ReactorContextTestExecutionListener, org.springframework.boot.test.autoconfigure.restdocs.RestDocsTestExecutionListener, org.springframework.boot.test.autoconfigure.web.client.MockRestServiceServerResetTestExecutionListener, org.springframework.boot.test.autoconfigure.web.servlet.MockMvcPrintOnlyOnFailureTestExecutionListener, org.springframework.boot.test.autoconfigure.web.servlet.WebDriverTestExecutionListener, org.springframework.boot.test.mock.mockito.MockitoTestExecutionListener, org.springframework.boot.test.mock.mockito.ResetMocksTestExecutionListener, org.springframework.test.context.web.ServletTestExecutionListener, org.springframework.test.context.support.DirtiesContextBeforeModesTestExecutionListener, org.springframework.test.context.support.DependencyInjectionTestExecutionListener, org.springframework.test.context.support.DirtiesContextTestExecutionListener, org.springframework.test.context.transaction.TransactionalTestExecutionListener, org.springframework.test.context.jdbc.SqlScriptsTestExecutionListener]
15:58:33.833 [Test worker] DEBUG org.springframework.boot.test.context.SpringBootTestContextBootstrapper - Skipping candidate TestExecutionListener [org.springframework.test.context.transaction.TransactionalTestExecutionListener] due to a missing dependency. Specify custom listener classes or make the default listener classes and their required dependencies available. Offending class: [org/springframework/transaction/interceptor/TransactionAttributeSource]
15:58:33.834 [Test worker] DEBUG org.springframework.boot.test.context.SpringBootTestContextBootstrapper - Skipping candidate TestExecutionListener [org.springframework.test.context.jdbc.SqlScriptsTestExecutionListener] due to a missing dependency. Specify custom listener classes or make the default listener classes and their required dependencies available. Offending class: [org/springframework/transaction/interceptor/TransactionAttribute]
15:58:33.835 [Test worker] INFO org.springframework.boot.test.context.SpringBootTestContextBootstrapper - Using TestExecutionListeners: [org.springframework.test.context.web.ServletTestExecutionListener@96db234, org.springframework.test.context.support.DirtiesContextBeforeModesTestExecutionListener@678e5c40, org.springframework.boot.test.mock.mockito.MockitoTestExecutionListener@490768a0, org.springframework.boot.test.autoconfigure.SpringBootDependencyInjectionTestExecutionListener@c9655ba, org.springframework.test.context.support.DirtiesContextTestExecutionListener@688eba0e, org.springframework.security.test.context.support.WithSecurityContextTestExecutionListener@7d779703, org.springframework.security.test.context.support.ReactorContextTestExecutionListener@f47b265, org.springframework.boot.test.autoconfigure.restdocs.RestDocsTestExecutionListener@31c20db2, org.springframework.boot.test.autoconfigure.web.client.MockRestServiceServerResetTestExecutionListener@2c018f4e, org.springframework.boot.test.autoconfigure.web.servlet.MockMvcPrintOnlyOnFailureTestExecutionListener@6d0fca42, org.springframework.boot.test.autoconfigure.web.servlet.WebDriverTestExecutionListener@5fe9991c, org.springframework.boot.test.mock.mockito.ResetMocksTestExecutionListener@7ee7b0ce]
15:58:33.850 [Test worker] DEBUG org.springframework.test.annotation.ProfileValueUtils - Retrieved @ProfileValueSourceConfiguration [null] for test class [com.budmon.BudgetMonitoringApplicationTests]
15:58:33.851 [Test worker] DEBUG org.springframework.test.annotation.ProfileValueUtils - Retrieved ProfileValueSource type [class org.springframework.test.annotation.SystemProfileValueSource] for class [com.budmon.BudgetMonitoringApplicationTests]
15:58:33.852 [Test worker] DEBUG org.springframework.test.annotation.ProfileValueUtils - Retrieved @ProfileValueSourceConfiguration [null] for test class [com.budmon.BudgetMonitoringApplicationTests]
15:58:33.852 [Test worker] DEBUG org.springframework.test.annotation.ProfileValueUtils - Retrieved ProfileValueSource type [class org.springframework.test.annotation.SystemProfileValueSource] for class [com.budmon.BudgetMonitoringApplicationTests]
15:58:33.857 [Test worker] DEBUG org.springframework.test.context.support.AbstractDirtiesContextTestExecutionListener - Before test class: context [DefaultTestContext@174cfcfa testClass = BudgetMonitoringApplicationTests, testInstance = [null], testMethod = [null], testException = [null], mergedContextConfiguration = [WebMergedContextConfiguration@69949960 testClass = BudgetMonitoringApplicationTests, locations = '{}', classes = '{class com.budmon.BudgetMonitoringApplication}', contextInitializerClasses = '[]', activeProfiles = '{}', propertySourceLocations = '{}', propertySourceProperties = '{org.springframework.boot.test.context.SpringBootTestContextBootstrapper=true}', contextCustomizers = set[org.springframework.boot.test.autoconfigure.properties.PropertyMappingContextCustomizer@0, org.springframework.boot.test.autoconfigure.web.servlet.WebDriverContextCustomizerFactory$Customizer@ac459e5, org.springframework.boot.test.context.filter.ExcludeFilterContextCustomizer@68d45ddc, org.springframework.boot.test.json.DuplicateJsonObjectContextCustomizerFactory$DuplicateJsonObjectContextCustomizer@65cf271b, org.springframework.boot.test.mock.mockito.MockitoContextCustomizer@0, org.springframework.boot.test.web.client.TestRestTemplateContextCustomizer@36c9ff32], resourceBasePath = 'src/main/webapp', contextLoader = 'org.springframework.boot.test.context.SpringBootContextLoader', parent = [null]], attributes = map['org.springframework.test.context.web.ServletTestExecutionListener.activateListener' -> true]], class annotated with @DirtiesContext [false] with mode [null].
15:58:33.858 [Test worker] DEBUG org.springframework.test.annotation.ProfileValueUtils - Retrieved @ProfileValueSourceConfiguration [null] for test class [com.budmon.BudgetMonitoringApplicationTests]
15:58:33.859 [Test worker] DEBUG org.springframework.test.annotation.ProfileValueUtils - Retrieved ProfileValueSource type [class org.springframework.test.annotation.SystemProfileValueSource] for class [com.budmon.BudgetMonitoringApplicationTests]
15:58:33.890 [Test worker] DEBUG org.springframework.test.context.support.TestPropertySourceUtils - Adding inlined properties to environment: {spring.jmx.enabled=false, org.springframework.boot.test.context.SpringBootTestContextBootstrapper=true, server.port=-1}

  .   ____          _            __ _ _
 /\\ / ___'_ __ _ _(_)_ __  __ _ \ \ \ \
( ( )\___ | '_ | '_| | '_ \/ _` | \ \ \ \
 \\/  ___)| |_)| | | | | || (_| |  ) ) ) )
  '  |____| .__|_| |_|_| |_\__, | / / / /
 =========|_|==============|___/=/_/_/_/
 :: Spring Boot ::        (v2.1.2.RELEASE)

2019-06-25 15:58:34.399  INFO 37004 --- [    Test worker] c.b.BudgetMonitoringApplicationTests     : Starting BudgetMonitoringApplicationTests on JCPSI6JV5 with PID 37004 (started by kthangav in C:\Users\kthangav\Spring-workspace\budmon)
2019-06-25 15:58:34.400  INFO 37004 --- [    Test worker] c.b.BudgetMonitoringApplicationTests     : No active profile set, falling back to default profiles: default
2019-06-25 15:58:37.292  INFO 37004 --- [    Test worker] o.s.s.concurrent.ThreadPoolTaskExecutor  : Initializing ExecutorService 'applicationTaskExecutor'
2019-06-25 15:58:37.643  WARN 37004 --- [    Test worker] ion$DefaultTemplateResolverConfiguration : Cannot find template location: classpath:/templates/ (please add some templates or check your Thymeleaf configuration)
2019-06-25 15:58:38.377  INFO 37004 --- [    Test worker] .s.s.UserDetailsServiceAutoConfiguration : 

Using generated security password: f3334e31-92d3-48dd-8473-e57d42d2c5a6

2019-06-25 15:58:38.703  INFO 37004 --- [    Test worker] o.s.s.web.DefaultSecurityFilterChain     : Creating filter chain: any request, [org.springframework.security.web.context.request.async.WebAsyncManagerIntegrationFilter@44aea662, org.springframework.security.web.context.SecurityContextPersistenceFilter@4f6b7adf, org.springframework.security.web.header.HeaderWriterFilter@37a12839, org.springframework.security.web.csrf.CsrfFilter@3b550ded, org.springframework.security.web.authentication.logout.LogoutFilter@10819ef6, org.springframework.security.web.authentication.UsernamePasswordAuthenticationFilter@1f6bc745, org.springframework.security.web.authentication.ui.DefaultLoginPageGeneratingFilter@39aabe83, org.springframework.security.web.authentication.ui.DefaultLogoutPageGeneratingFilter@344a6d25, org.springframework.security.web.authentication.www.BasicAuthenticationFilter@3f60e196, org.springframework.security.web.savedrequest.RequestCacheAwareFilter@2df7c639, org.springframework.security.web.servletapi.SecurityContextHolderAwareRequestFilter@6ffd3aef, org.springframework.security.web.authentication.AnonymousAuthenticationFilter@541d1e88, org.springframework.security.web.session.SessionManagementFilter@7d824ced, org.springframework.security.web.access.ExceptionTranslationFilter@189c08aa, org.springframework.security.web.access.intercept.FilterSecurityInterceptor@7b12df36]
2019-06-25 15:58:38.895  INFO 37004 --- [    Test worker] c.b.BudgetMonitoringApplicationTests     : Started BudgetMonitoringApplicationTests in 4.988 seconds (JVM running for 6.967)
]]></system-out>
  <system-err><![CDATA[]]></system-err>
</testsuite>
